2025-04-24 15:41:55,632 - INFO - Uploading to OneDrive...
2025-04-24 15:41:59,316 - INFO - Deleted local file: downloads\Aaja Mahi.mp3
2025-04-24 15:41:59,318 - INFO - Deleted local file: downloads\Baatein.mp3
2025-04-24 15:41:59,321 - INFO - Deleted local file: downloads\Chal Diye Tum Kahan.mp3
2025-04-24 15:41:59,323 - INFO - Deleted local file: downloads\Chehre.mp3
2025-04-24 15:41:59,326 - INFO - Deleted local file: downloads\Closer.mp3
2025-04-24 15:41:59,329 - INFO - Deleted local file: downloads\Dooriyan.mp3
2025-04-24 15:41:59,331 - INFO - Deleted local file: downloads\Humsafar.mp3
2025-04-24 15:41:59,334 - INFO - Deleted local file: downloads\Jeet Ki Awaz.mp3
2025-04-24 15:41:59,336 - INFO - Deleted local file: downloads\Kabhi Kabhi.mp3
2025-04-24 15:41:59,339 - INFO - Deleted local file: downloads\Kabhi Mein Kabhi Tum.mp3
2025-04-24 15:41:59,341 - INFO - Deleted local file: downloads\Kahan.mp3
2025-04-24 15:41:59,344 - INFO - Deleted local file: downloads\kya chahiye.mp3
2025-04-24 15:41:59,346 - INFO - Deleted local file: downloads\Long time no see.mp3
2025-04-24 15:41:59,349 - INFO - Deleted local file: downloads\Mulaqaat.mp3
2025-04-24 15:41:59,351 - INFO - Deleted local file: downloads\No way to nowhere.mp3
2025-04-24 15:41:59,354 - INFO - Deleted local file: downloads\Raastah.mp3
2025-04-24 15:41:59,356 - INFO - Deleted local file: downloads\Rastay.mp3
2025-04-24 15:41:59,359 - INFO - Deleted local file: downloads\Shayad.mp3
2025-04-24 15:41:59,362 - INFO - Deleted local file: downloads\Shikayat.mp3
2025-04-24 15:41:59,364 - INFO - Deleted local file: downloads\Sometimes.mp3
2025-04-24 15:41:59,366 - INFO - Deleted local file: downloads\Tanha.mp3
2025-04-24 15:41:59,369 - INFO - Deleted local file: downloads\Tu hai kahan.mp3
2025-04-24 15:41:59,371 - INFO - Deleted local file: downloads\TUM.mp3
2025-04-24 15:41:59,373 - INFO - Deleted local file: downloads\Us.mp3
2025-04-24 15:42:14,478 - INFO - Uploading to OneDrive...
2025-04-24 15:59:10,662 - INFO - Downloading: https://www.youtube.com/watch?v=YfqJktv2nuA
2025-04-24 15:59:30,025 - INFO - Uploading to OneDrive...
2025-04-24 15:59:46,741 - INFO - Deleted local file: downloads\Pal Pal (with Talwiinder).mp3
2025-04-24 16:00:57,158 - INFO - Uploading to OneDrive...
2025-04-24 16:04:09,818 - INFO - Uploading to OneDrive...
2025-04-24 19:01:59,943 - INFO - Downloading: https://www.youtube.com/watch?v=a5RhLw9SqJE
2025-04-24 19:02:18,914 - INFO - Uploading to OneDrive...
2025-04-24 19:02:28,234 - INFO - Deleted local file: downloads\NYPD [F.A.T.H.E.R EP] - BAGGH-E SMG x FARMAAN SMG x BIG KAY SMG.mp3
